<testsuites name="jest tests">
  <testsuite name="UserForm" errors="0" failures="0" skipped="0" timestamp="2018-01-04T03:05:28" time="2.139" tests="2">
    <testcase classname="UserForm snapshot test - no props" name="UserForm snapshot test - no props" time="0.011">
    </testcase>
    <testcase classname="UserForm snapshot test - basic props" name="UserForm snapshot test - basic props" time="0.003">
    </testcase>
  </testsuite>
  <testsuite name="App" errors="0" failures="0" skipped="0" timestamp="2018-01-04T03:05:30" time="0.617" tests="1">
    <testcase classname="App should pass snapshot test" name="App should pass snapshot test" time="0.007">
    </testcase>
  </testsuite>
  <testsuite name="Edit User Form" errors="0" failures="0" skipped="0" timestamp="2018-01-04T03:05:31" time="0.474" tests="4">
    <testcase classname="Edit User Form should pass snapshot test" name="Edit User Form should pass snapshot test" time="0.005">
    </testcase>
    <testcase classname="Edit User Form should be selectable by class &quot;userRegistrationForm&quot;" name="Edit User Form should be selectable by class &quot;userRegistrationForm&quot;" time="0.02">
    </testcase>
    <testcase classname="Edit User Form should mount in a full DOM" name="Edit User Form should mount in a full DOM" time="0.002">
    </testcase>
    <testcase classname="Edit User Form should render to static HTML" name="Edit User Form should render to static HTML" time="0.001">
    </testcase>
  </testsuite>
  <testsuite name="User Registration Form" errors="0" failures="0" skipped="0" timestamp="2018-01-04T03:05:31" time="0.338" tests="1">
    <testcase classname="User Registration Form should pass snapshot test" name="User Registration Form should pass snapshot test" time="0.004">
    </testcase>
  </testsuite>
  <testsuite name="Header" errors="0" failures="0" skipped="0" timestamp="2018-01-04T03:05:31" time="0.32" tests="1">
    <testcase classname="Header snapshot test" name="Header snapshot test" time="0.016">
    </testcase>
  </testsuite>
  <testsuite name="Footer" errors="0" failures="0" skipped="0" timestamp="2018-01-04T03:05:32" time="0.271" tests="1">
    <testcase classname="Footer should pass snapshot test" name="Footer should pass snapshot test" time="0.003">
    </testcase>
  </testsuite>
</testsuites>